<?xml version="1.0" encoding="UTF-8"?>
<!-- Generated by org.testng.reporters.JUnitReportReporter -->
<testsuite hostname="ASDP1727PO02529" name="com.qait.automation.assignment5.TatocBasic" tests="1" failures="0" timestamp="26 Jul 2017 08:55:02 GMT" time="35.277" errors="0">
  <testcase name="tatocBasicTest" time="35.277" classname="com.qait.automation.assignment5.TatocBasic"/>
</testsuite> <!-- com.qait.automation.assignment5.TatocBasic -->
