<?xml version="1.0" encoding="UTF-8"?>
<!-- Generated by org.testng.reporters.JUnitReportReporter -->
<testsuite skipped="0" hostname="ASDP1727PO02529" name="com.qait.automation.assignment5.TatocTestExtra" tests="1" failures="0" timestamp="28 Jul 2017 04:17:33 GMT" time="10.126" errors="0">
  <testcase name="tatocTest" time="10.126" classname="com.qait.automation.assignment5.TatocTestExtra"/>
</testsuite> <!-- com.qait.automation.assignment5.TatocTestExtra -->
